<?xml version="1.0" encoding="utf-8"?>
<shfbBuild product="Sandcastle Help File Builder" version="2014.11.22.0" projectFile="C:\Users\Steve\Source\Repos\Xbim.Documentation\Documentation\Xbim.Documentation.shfbproj" started="20/01/2015 09:42:23">
<buildStep step="Initializing">
Finding tools...
The Sandcastle tools are located in &#39;C:\Program Files (x86)\EWSoftware\Sandcastle Help File Builder\&#39;
Locating components in the following folder(s):
   C:\Users\Steve\Source\Repos\Xbim.Documentation\Documentation
Using presentation style &#39;VS2013&#39; located in &#39;C:\Program Files (x86)\EWSoftware\Sandcastle Help File Builder\PresentationStyles\VS2013&#39;
Loading and initializing plug-ins...
Lightweight Website Style Version 2014.11.22.0
Copyright &#169; 2006-2014, Eric Woodruff, All Rights Reserved
Portions Copyright &#169; 2014, Sam Harwell, All Rights Reserved
</buildStep>
<buildStep step="ValidatingDocumentationSources">
Validating and copying documentation source information
Source: C:\Users\Steve\Source\Repos\XbimEssentials\Xbim.Essentials.Nuget.sln
    Found project &#39;C:\Users\Steve\Source\Repos\XbimEssentials\Xbim.Common\Xbim.Common.csproj&#39;
    Found project &#39;C:\Users\Steve\Source\Repos\XbimEssentials\Xbim.Ifc2x3\Xbim.Ifc2x3.csproj&#39;
    Found project &#39;C:\Users\Steve\Source\Repos\XbimEssentials\Xbim.Ifc.Extensions\Xbim.Ifc2x3.Extensions.csproj&#39;
    Found project &#39;C:\Users\Steve\Source\Repos\XbimEssentials\Xbim.IO\Xbim.IO.csproj&#39;
Source: C:\Users\Steve\Source\Repos\XbimGeometry\Xbim.Geometry.Engine.Interop\Xbim.Geometry.Engine.Interop.csproj
    Found project &#39;C:\Users\Steve\Source\Repos\XbimGeometry\Xbim.Geometry.Engine.Interop\Xbim.Geometry.Engine.Interop.csproj&#39;
Source: C:\Users\Steve\Source\Repos\XbimGeometry\Xbim.Geometry.Engine\Xbim.Geometry.Engine.vcxproj
    Found project &#39;C:\Users\Steve\Source\Repos\XbimGeometry\Xbim.Geometry.Engine\Xbim.Geometry.Engine.vcxproj&#39;

Parsing project files
    Found assembly &#39;C:\Users\Steve\Source\Repos\XbimEssentials\Xbim.Common\..\Output\Release\Xbim.Common.dll&#39;
    Found assembly &#39;C:\Users\Steve\Source\Repos\XbimEssentials\Xbim.Ifc2x3\..\Output\Release\Xbim.Ifc2x3.dll&#39;
    Found assembly &#39;C:\Users\Steve\Source\Repos\XbimEssentials\Xbim.Ifc.Extensions\..\Output\Release\Xbim.Ifc.Extensions.dll&#39;
    Found assembly &#39;C:\Users\Steve\Source\Repos\XbimEssentials\Xbim.IO\..\Output\Release\Xbim.IO.dll&#39;
    Found assembly &#39;C:\Users\Steve\Source\Repos\XbimGeometry\Xbim.Geometry.Engine.Interop\..\Output\Release\Xbim.Geometry.Engine.Interop.dll&#39;
    Found assembly &#39;C:\Users\Steve\Source\Repos\XbimGeometry\Xbim.Geometry.Engine\..\Output\Release\x86\Xbim.Geometry.Engine32.dll&#39;

References to include (excluding framework assemblies):
    Esent.Interop
    ICSharpCode.SharpZipLib
    log4net
    log4net, Version=1.2.13.0, Culture=neutral, PublicKeyToken=669e0ddf0bb1aa2a, processorArchitecture=MSIL
    Xbim.Common
    Xbim.Common, Version=3.0.5492.31081, Culture=neutral, processorArchitecture=MSIL
    Xbim.Ifc.Extensions
    Xbim.Ifc.Extensions, Version=3.0.5491.27222, Culture=neutral, processorArchitecture=MSIL
    Xbim.Ifc2x3
    Xbim.IO

Copying XML comments files
    C:\Users\Steve\Source\Repos\XbimEssentials\Xbim.Common\..\Output\Release\Xbim.Common.XML -&gt; C:\Users\Steve\Source\Repos\Xbim.Documentation\Documentation\Help\Working\Xbim.Common.XML
    C:\Users\Steve\Source\Repos\XbimEssentials\Xbim.Ifc2x3\..\Output\Release\Xbim.Ifc2x3.XML -&gt; C:\Users\Steve\Source\Repos\Xbim.Documentation\Documentation\Help\Working\Xbim.Ifc2x3.XML
    C:\Users\Steve\Source\Repos\XbimEssentials\Xbim.Ifc.Extensions\..\Output\Release\Xbim.Ifc.Extensions.XML -&gt; C:\Users\Steve\Source\Repos\Xbim.Documentation\Documentation\Help\Working\Xbim.Ifc.Extensions.XML
    C:\Users\Steve\Source\Repos\XbimEssentials\Xbim.IO\..\Output\Release\Xbim.IO.XML -&gt; C:\Users\Steve\Source\Repos\Xbim.Documentation\Documentation\Help\Working\Xbim.IO.XML
    C:\Users\Steve\Source\Repos\XbimGeometry\Xbim.Geometry.Engine.Interop\..\Output\Release\Xbim.Geometry.Engine.Interop.XML -&gt; C:\Users\Steve\Source\Repos\Xbim.Documentation\Documentation\Help\Working\Xbim.Geometry.Engine.Interop.XML
</buildStep>
<buildStep step="GenerateSharedContent">
Generating shared content files (en-US, English (United States))...
<plugIn name="Lightweight Website Style" behavior="After" priority="1000">
</plugIn>    Last step completed in 00:00:00.0200
</buildStep>
<buildStep step="GenerateApiFilter">
Generating API filter for MRefBuilder...
    Last step completed in 00:00:00.0400
</buildStep>
<buildStep step="GenerateReflectionInfo">
Generating reflection information...
[C:\Program Files (x86)\MSBuild\12.0\bin\MSBuild.exe]
Build started 20/01/2015 09:42:24.
Project &quot;C:\Users\Steve\Source\Repos\Xbim.Documentation\Documentation\Help\Working\GenerateRefInfo.proj&quot; on node 1 (default targets).
PrepareForBuild:
  Creating directory &quot;obj\Debug\&quot;.
GenerateRefInfo:
  MRefBuilder (v2014.11.22.0)
  Copyright &#184; 2006-2014, Microsoft Corporation, All Rights Reserved.
  Portions Copyright &#184; 2006-2014, Eric Woodruff, All Rights Reserved.
  Loaded 6 assemblies for reflection and 8 dependency assemblies.
  Wrote information on 68 namespaces, 1382 types, and 9857 members
  Copying file from &quot;reflection.org&quot; to &quot;reflection.all&quot;.
  XslTransform (v2014.11.22.0)
  Copyright &#184; 2006-2014, Microsoft Corporation, All Rights Reserved.
  Portions Copyright &#184; 2006-2014, Eric Woodruff, All Rights Reserved.
  Applying XSL transformation &#39;C:\Program Files (x86)\EWSoftware\Sandcastle Help File Builder\ProductionTransforms\MergeDuplicates.xsl&#39;.
Done Building Project &quot;C:\Users\Steve\Source\Repos\Xbim.Documentation\Documentation\Help\Working\GenerateRefInfo.proj&quot; (default targets).

Build succeeded.

Time Elapsed 00:00:03.49
    Last step completed in 00:00:03.6120
</buildStep>
<buildStep step="TransformReflectionInfo">
Transforming reflection output...
[C:\Program Files (x86)\MSBuild\12.0\bin\MSBuild.exe]
Build started 20/01/2015 09:42:28.
Project &quot;C:\Users\Steve\Source\Repos\Xbim.Documentation\Documentation\Help\Working\TransformManifest.proj&quot; on node 1 (default targets).
TransformManifest:
  XslTransform (v2014.11.22.0)
  Copyright &#184; 2006-2014, Microsoft Corporation, All Rights Reserved.
  Portions Copyright &#184; 2006-2014, Eric Woodruff, All Rights Reserved.
  Applying XSL transformation &#39;C:\Program Files (x86)\EWSoftware\Sandcastle Help File Builder\\ProductionTransforms\ApplyVSDocModel.xsl&#39;.
  Copying file from &quot;reflection.xml&quot; to &quot;reflection.nofilenames&quot;.
  XslTransform (v2014.11.22.0)
  Copyright &#184; 2006-2014, Microsoft Corporation, All Rights Reserved.
  Portions Copyright &#184; 2006-2014, Eric Woodruff, All Rights Reserved.
  Applying XSL transformation &#39;C:\Program Files (x86)\EWSoftware\Sandcastle Help File Builder\ProductionTransforms\AddFilenames.xsl&#39;.
  XslTransform (v2014.11.22.0)
  Copyright &#184; 2006-2014, Microsoft Corporation, All Rights Reserved.
  Portions Copyright &#184; 2006-2014, Eric Woodruff, All Rights Reserved.
  Applying XSL transformation &#39;C:\Program Files (x86)\EWSoftware\Sandcastle Help File Builder\ProductionTransforms\ReflectionToManifest.xsl&#39;.
Done Building Project &quot;C:\Users\Steve\Source\Repos\Xbim.Documentation\Documentation\Help\Working\TransformManifest.proj&quot; (default targets).

Build succeeded.

Time Elapsed 00:00:08.29
    Last step completed in 00:00:10.0450
</buildStep>
<buildStep step="GenerateNamespaceSummaries">
Generating namespace summary information...
    Last step completed in 00:00:00.6670
</buildStep>
<buildStep step="CopyConceptualContent">
Copying conceptual content...
Copying standard token shared content file...
Checking for other token files...
Checking for code snippets files...
Copying images and creating the media map file...
Generating conceptual topic files
    Parsing topic file &#39;C:\Users\Steve\Source\Repos\Xbim.Documentation\Documentation\Content\Welcome.aml&#39;
    C:\Users\Steve\Source\Repos\Xbim.Documentation\Documentation\Content\Welcome.aml -&gt; C:\Users\Steve\Source\Repos\Xbim.Documentation\Documentation\Help\Working\ddueXml\eb3d64e2-3ae5-476f-8790-caf1be5aabee.xml
    Parsing topic file &#39;C:\Users\Steve\Source\Repos\Xbim.Documentation\Documentation\Content\VersionHistory\VersionHistory.aml&#39;
    C:\Users\Steve\Source\Repos\Xbim.Documentation\Documentation\Content\VersionHistory\VersionHistory.aml -&gt; C:\Users\Steve\Source\Repos\Xbim.Documentation\Documentation\Help\Working\ddueXml\7000b516-9f07-4d82-adf2-7365213d1996.xml
    Parsing topic file &#39;C:\Users\Steve\Source\Repos\Xbim.Documentation\Documentation\Content\VersionHistory\v3.0.aml&#39;
    C:\Users\Steve\Source\Repos\Xbim.Documentation\Documentation\Content\VersionHistory\v3.0.aml -&gt; C:\Users\Steve\Source\Repos\Xbim.Documentation\Documentation\Help\Working\ddueXml\d7e6c2dd-4931-46be-888f-8004f50db7b8.xml
    Last step completed in 00:00:00.0500
</buildStep>
<buildStep step="CreateConceptualTopicConfigs">
Creating conceptual topic configuration files...
    Companion files
    _ContentMetadata_.xml
    ConceptualManifest.xml
    Last step completed in 00:00:00.0200
</buildStep>
<buildStep step="CopyAdditionalContent">
Copying additional content files...
C:\Users\Steve\Source\Repos\Xbim.Documentation\Documentation\icons\Help.png -&gt; C:\Users\Steve\Source\Repos\Xbim.Documentation\Documentation\Help\Working\Output\Website\icons\Help.png
    Last step completed in 00:00:00.0100
</buildStep>
<buildStep step="MergeTablesOfContents">
Merging conceptual and additional tables of contents...
    Last step completed in 00:00:00.0000
</buildStep>
<buildStep step="GenerateIntermediateTableOfContents">
Generating intermediate table of contents file...
[C:\Program Files (x86)\MSBuild\12.0\bin\MSBuild.exe]
Build started 20/01/2015 09:42:39.
Project &quot;C:\Users\Steve\Source\Repos\Xbim.Documentation\Documentation\Help\Working\GenerateIntermediateTOC.proj&quot; on node 1 (default targets).
GenerateIntermediateTOC:
  XslTransform (v2014.11.22.0)
  Copyright &#184; 2006-2014, Microsoft Corporation, All Rights Reserved.
  Portions Copyright &#184; 2006-2014, Eric Woodruff, All Rights Reserved.
  Applying XSL transformation &#39;C:\Program Files (x86)\EWSoftware\Sandcastle Help File Builder\\ProductionTransforms\CreateVSToc.xsl&#39;.
Done Building Project &quot;C:\Users\Steve\Source\Repos\Xbim.Documentation\Documentation\Help\Working\GenerateIntermediateTOC.proj&quot; (default targets).

Build succeeded.

Time Elapsed 00:00:01.27
Generating conceptual content intermediate TOC file...
    Last step completed in 00:00:01.4700
</buildStep>
<buildStep step="CreateBuildAssemblerConfigs">
Creating Sandcastle configuration files...
    sandcastle.config
    conceptual.config
    Last step completed in 00:00:01.4500
</buildStep>
<buildStep step="MergeCustomConfigs">
Merging custom build component configurations
C:\Users\Steve\Source\Repos\Xbim.Documentation\Documentation\Help\Working\sandcastle.config
C:\Users\Steve\Source\Repos\Xbim.Documentation\Documentation\Help\Working\conceptual.config
    Removing unused ExampleComponent.
    Last step completed in 00:00:00.5400
</buildStep>
<buildStep step="BuildConceptualTopics">
Building conceptual help topics...
[C:\Program Files (x86)\MSBuild\12.0\bin\MSBuild.exe]
Build started 20/01/2015 09:42:42.
Project &quot;C:\Users\Steve\Source\Repos\Xbim.Documentation\Documentation\Help\Working\BuildConceptualTopics.proj&quot; on node 1 (default targets).
BuildConceptualTopics:
  BuildAssembler (v2014.11.22.0)
  Copyright &#184; 2006-2014, Microsoft Corporation, All Rights Reserved.
  Portions Copyright &#184; 2006-2014, Eric Woodruff, All Rights Reserved.
  Loading configuration...
  Processing topics...
  Processed 3 topic(s)
  CopyFromIndexComponent: &quot;metadata&quot; in-memory cache entries used: 1 of 15.
Done Building Project &quot;C:\Users\Steve\Source\Repos\Xbim.Documentation\Documentation\Help\Working\BuildConceptualTopics.proj&quot; (default targets).

Build succeeded.

Time Elapsed 00:00:05.69
    Last step completed in 00:00:06.0160
</buildStep>
<buildStep step="BuildReferenceTopics">
Building reference help topics...
[C:\Program Files (x86)\MSBuild\12.0\bin\MSBuild.exe]
Build started 20/01/2015 09:42:48.
Project &quot;C:\Users\Steve\Source\Repos\Xbim.Documentation\Documentation\Help\Working\BuildReferenceTopics.proj&quot; on node 1 (default targets).
BuildReferenceTopics:
  BuildAssembler (v2014.11.22.0)
  Copyright &#184; 2006-2014, Microsoft Corporation, All Rights Reserved.
  Portions Copyright &#184; 2006-2014, Eric Woodruff, All Rights Reserved.
  Loading configuration...
  Processing topics...
BuildAssembler : warning : ResolveReferenceLinksComponent: [T:Xbim.Common.Geometry.XbimQuaternion] Unknown reference link target &#39;!:SharpDX.Quaternion&#39;. [C:\Users\Steve\Source\Repos\Xbim.Documentation\Documentation\Help\Working\BuildReferenceTopics.proj]
BuildAssembler : warning : ResolveReferenceLinksComponent: [T:Xbim.Common.Geometry.XbimQuaternion] Invalid reference link target &#39;!:SharpDX.Quaternion&#39;. [C:\Users\Steve\Source\Repos\Xbim.Documentation\Documentation\Help\Working\BuildReferenceTopics.proj]
BuildAssembler : warning : ResolveReferenceLinksComponent: [Methods.T:Xbim.Common.Geometry.XbimQuaternion] Unknown reference link target &#39;!:SharpDX.Quaternion&#39;. [C:\Users\Steve\Source\Repos\Xbim.Documentation\Documentation\Help\Working\BuildReferenceTopics.proj]
BuildAssembler : warning : ResolveReferenceLinksComponent: [Methods.T:Xbim.Common.Geometry.XbimQuaternion] Invalid reference link target &#39;!:SharpDX.Quaternion&#39;. [C:\Users\Steve\Source\Repos\Xbim.Documentation\Documentation\Help\Working\BuildReferenceTopics.proj]
BuildAssembler : warning : ResolveReferenceLinksComponent: [M:Xbim.Common.Geometry.XbimQuaternion.Transform(Xbim.Common.Geometry.XbimVector3D@,Xbim.Common.Geometry.XbimQuaternion@,Xbim.Common.Geometry.XbimVector3D@)] Unknown reference link target &#39;!:SharpDX.Quaternion&#39;. [C:\Users\Steve\Source\Repos\Xbim.Documentation\Documentation\Help\Working\BuildReferenceTopics.proj]
BuildAssembler : warning : ResolveReferenceLinksComponent: [M:Xbim.Common.Geometry.XbimQuaternion.Transform(Xbim.Common.Geometry.XbimVector3D@,Xbim.Common.Geometry.XbimQuaternion@,Xbim.Common.Geometry.XbimVector3D@)] Invalid reference link target &#39;!:SharpDX.Quaternion&#39;. [C:\Users\Steve\Source\Repos\Xbim.Documentation\Documentation\Help\Working\BuildReferenceTopics.proj]
BuildAssembler : warning : ResolveReferenceLinksComponent: [M:Xbim.Common.Geometry.XbimQuaternion.Transform(Xbim.Common.Geometry.XbimVector3D@,Xbim.Common.Geometry.XbimQuaternion@,Xbim.Common.Geometry.XbimVector3D@)] Unknown reference link target &#39;!:SharpDX.Quaternion&#39;. [C:\Users\Steve\Source\Repos\Xbim.Documentation\Documentation\Help\Working\BuildReferenceTopics.proj]
BuildAssembler : warning : ResolveReferenceLinksComponent: [M:Xbim.Common.Geometry.XbimQuaternion.Transform(Xbim.Common.Geometry.XbimVector3D@,Xbim.Common.Geometry.XbimQuaternion@,Xbim.Common.Geometry.XbimVector3D@)] Invalid reference link target &#39;!:SharpDX.Quaternion&#39;. [C:\Users\Steve\Source\Repos\Xbim.Documentation\Documentation\Help\Working\BuildReferenceTopics.proj]
BuildAssembler : warning : ResolveReferenceLinksComponent: [M:Xbim.Common.Geometry.XbimQuaternion.Transform(Xbim.Common.Geometry.XbimVector3D@,Xbim.Common.Geometry.XbimQuaternion@,Xbim.Common.Geometry.XbimVector3D@)] Unknown reference link target &#39;!:SharpDX.Vector4&#39;. [C:\Users\Steve\Source\Repos\Xbim.Documentation\Documentation\Help\Working\BuildReferenceTopics.proj]
BuildAssembler : warning : ResolveReferenceLinksComponent: [M:Xbim.Common.Geometry.XbimQuaternion.Transform(Xbim.Common.Geometry.XbimVector3D@,Xbim.Common.Geometry.XbimQuaternion@,Xbim.Common.Geometry.XbimVector3D@)] Invalid reference link target &#39;!:SharpDX.Vector4&#39;. [C:\Users\Steve\Source\Repos\Xbim.Documentation\Documentation\Help\Working\BuildReferenceTopics.proj]
BuildAssembler : warning : ResolveReferenceLinksComponent: [T:Xbim.IO.Parser.P21Parser] Unknown reference link target &#39;T:QUT.Gppg.ShiftReduceParser`2&#39;. [C:\Users\Steve\Source\Repos\Xbim.Documentation\Documentation\Help\Working\BuildReferenceTopics.proj]
BuildAssembler : warning : ResolveReferenceLinksComponent: [T:Xbim.IO.Parser.P21Parser] Unknown reference link target &#39;T:QUT.Gppg.LexLocation&#39;. [C:\Users\Steve\Source\Repos\Xbim.Documentation\Documentation\Help\Working\BuildReferenceTopics.proj]
BuildAssembler : warning : ResolveReferenceLinksComponent: [T:Xbim.IO.Parser.P21Parser] Unknown reference link target &#39;M:QUT.Gppg.ShiftReduceParser`2.DoAction(System.Int32)&#39;. [C:\Users\Steve\Source\Repos\Xbim.Documentation\Documentation\Help\Working\BuildReferenceTopics.proj]
BuildAssembler : warning : ResolveReferenceLinksComponent: [T:Xbim.IO.Parser.P21Parser] Unknown reference link target &#39;M:QUT.Gppg.ShiftReduceParser`2.Initialize&#39;. [C:\Users\Steve\Source\Repos\Xbim.Documentation\Documentation\Help\Working\BuildReferenceTopics.proj]
BuildAssembler : warning : ResolveReferenceLinksComponent: [T:Xbim.IO.Parser.P21Parser] Unknown reference link target &#39;M:QUT.Gppg.ShiftReduceParser`2.TerminalToString(System.Int32)&#39;. [C:\Users\Steve\Source\Repos\Xbim.Documentation\Documentation\Help\Working\BuildReferenceTopics.proj]
BuildAssembler : warning : ResolveReferenceLinksComponent: [Methods.T:Xbim.IO.Parser.P21Parser] Unknown reference link target &#39;M:QUT.Gppg.ShiftReduceParser`2.DoAction(System.Int32)&#39;. [C:\Users\Steve\Source\Repos\Xbim.Documentation\Documentation\Help\Working\BuildReferenceTopics.proj]
BuildAssembler : warning : ResolveReferenceLinksComponent: [Methods.T:Xbim.IO.Parser.P21Parser] Unknown reference link target &#39;M:QUT.Gppg.ShiftReduceParser`2.Initialize&#39;. [C:\Users\Steve\Source\Repos\Xbim.Documentation\Documentation\Help\Working\BuildReferenceTopics.proj]
BuildAssembler : warning : ResolveReferenceLinksComponent: [Methods.T:Xbim.IO.Parser.P21Parser] Unknown reference link target &#39;M:QUT.Gppg.ShiftReduceParser`2.TerminalToString(System.Int32)&#39;. [C:\Users\Steve\Source\Repos\Xbim.Documentation\Documentation\Help\Working\BuildReferenceTopics.proj]
BuildAssembler : warning : ResolveReferenceLinksComponent: [T:Xbim.IO.Parser.P21toIndexParser] Unknown reference link target &#39;T:QUT.Gppg.ShiftReduceParser`2&#39;. [C:\Users\Steve\Source\Repos\Xbim.Documentation\Documentation\Help\Working\BuildReferenceTopics.proj]
BuildAssembler : warning : ResolveReferenceLinksComponent: [T:Xbim.IO.Parser.P21toIndexParser] Unknown reference link target &#39;T:QUT.Gppg.LexLocation&#39;. [C:\Users\Steve\Source\Repos\Xbim.Documentation\Documentation\Help\Working\BuildReferenceTopics.proj]
BuildAssembler : warning : ResolveReferenceLinksComponent: [T:Xbim.IO.Parser.ScanBase] Unknown reference link target &#39;T:QUT.Gppg.AbstractScanner`2&#39;. [C:\Users\Steve\Source\Repos\Xbim.Documentation\Documentation\Help\Working\BuildReferenceTopics.proj]
BuildAssembler : warning : ResolveReferenceLinksComponent: [T:Xbim.IO.Parser.ScanBase] Unknown reference link target &#39;T:QUT.Gppg.LexLocation&#39;. [C:\Users\Steve\Source\Repos\Xbim.Documentation\Documentation\Help\Working\BuildReferenceTopics.proj]
BuildAssembler : warning : ResolveReferenceLinksComponent: [T:Xbim.IO.Parser.ScanBase] Unknown reference link target &#39;P:QUT.Gppg.AbstractScanner`2.yylloc&#39;. [C:\Users\Steve\Source\Repos\Xbim.Documentation\Documentation\Help\Working\BuildReferenceTopics.proj]
BuildAssembler : warning : ResolveReferenceLinksComponent: [Properties.T:Xbim.IO.Parser.ScanBase] Unknown reference link target &#39;P:QUT.Gppg.AbstractScanner`2.yylloc&#39;. [C:\Users\Steve\Source\Repos\Xbim.Documentation\Documentation\Help\Working\BuildReferenceTopics.proj]
BuildAssembler : warning : ResolveReferenceLinksComponent: [P:Xbim.IO.Parser.ScanBase.yylloc] Unknown reference link target &#39;T:QUT.Gppg.LexLocation&#39;. [C:\Users\Steve\Source\Repos\Xbim.Documentation\Documentation\Help\Working\BuildReferenceTopics.proj]
BuildAssembler : warning : ResolveReferenceLinksComponent: [T:Xbim.IO.Parser.Scanner] Unknown reference link target &#39;T:QUT.Gppg.AbstractScanner`2&#39;. [C:\Users\Steve\Source\Repos\Xbim.Documentation\Documentation\Help\Working\BuildReferenceTopics.proj]
BuildAssembler : warning : ResolveReferenceLinksComponent: [T:Xbim.IO.Parser.Scanner] Unknown reference link target &#39;T:QUT.Gppg.LexLocation&#39;. [C:\Users\Steve\Source\Repos\Xbim.Documentation\Documentation\Help\Working\BuildReferenceTopics.proj]
BuildAssembler : warning : ResolveReferenceLinksComponent: [T:Xbim.IO.Parser.Scanner] Unknown reference link target &#39;M:QUT.Gppg.AbstractScanner`2.yyerror(System.String,System.Object[])&#39;. [C:\Users\Steve\Source\Repos\Xbim.Documentation\Documentation\Help\Working\BuildReferenceTopics.proj]
BuildAssembler : warning : ResolveReferenceLinksComponent: [T:Xbim.IO.Parser.Scanner] Unknown reference link target &#39;M:QUT.Gppg.AbstractScanner`2.yylex&#39;. [C:\Users\Steve\Source\Repos\Xbim.Documentation\Documentation\Help\Working\BuildReferenceTopics.proj]
BuildAssembler : warning : ResolveReferenceLinksComponent: [Methods.T:Xbim.IO.Parser.Scanner] Unknown reference link target &#39;M:QUT.Gppg.AbstractScanner`2.yyerror(System.String,System.Object[])&#39;. [C:\Users\Steve\Source\Repos\Xbim.Documentation\Documentation\Help\Working\BuildReferenceTopics.proj]
BuildAssembler : warning : ResolveReferenceLinksComponent: [Methods.T:Xbim.IO.Parser.Scanner] Unknown reference link target &#39;M:QUT.Gppg.AbstractScanner`2.yylex&#39;. [C:\Users\Steve\Source\Repos\Xbim.Documentation\Documentation\Help\Working\BuildReferenceTopics.proj]
BuildAssembler : warning : ResolveReferenceLinksComponent: [T:Xbim.IO.Parser.XbimP21Parser] Unknown reference link target &#39;T:QUT.Gppg.ShiftReduceParser`2&#39;. [C:\Users\Steve\Source\Repos\Xbim.Documentation\Documentation\Help\Working\BuildReferenceTopics.proj]
BuildAssembler : warning : ResolveReferenceLinksComponent: [T:Xbim.IO.Parser.XbimP21Parser] Unknown reference link target &#39;T:QUT.Gppg.LexLocation&#39;. [C:\Users\Steve\Source\Repos\Xbim.Documentation\Documentation\Help\Working\BuildReferenceTopics.proj]
  Processed 12064 topic(s)
  33 warning(s)
  CopyFromIndexComponent: &quot;reflection&quot; in-memory cache entries used: 15 of 15.
  CopyFromIndexComponent: &quot;comments&quot; in-memory cache entries used: 7 of 30.
Done Building Project &quot;C:\Users\Steve\Source\Repos\Xbim.Documentation\Documentation\Help\Working\BuildReferenceTopics.proj&quot; (default targets).

Build succeeded.

Time Elapsed 00:03:30.25
    Last step completed in 00:03:30.3683
</buildStep>
<buildStep step="CombiningIntermediateTocFiles">
Combining conceptual and API intermediate TOC files...

Clearing any prior web output
    Last step completed in 00:00:11.6221
</buildStep>
<buildStep step="ExtractingHtmlInfo">
Extracting HTML info for HTML Help 1 and/or website...
[C:\Program Files (x86)\MSBuild\12.0\bin\MSBuild.exe]
Sandcastle Help File Builder, version 2014.11.22.0
Copyright &#184; 2006-2014, Eric Woodruff, All Rights Reserved
E-Mail: Eric@EWoodruff.us

Using LCID &#39;1033&#39;, code page &#39;65001&#39;, encoding charset &#39;UTF-8&#39;.

Processing website files in C:\Users\Steve\Source\Repos\Xbim.Documentation\Documentation\Help\Working\Output\Website
Processed 12067 HTML files
Sorting keywords and generating See Also indices
Saving website keyword index to C:\Users\Steve\Source\Repos\Xbim.Documentation\Documentation\Help\Working\WebKI.xml
Saving website table of contents to C:\Users\Steve\Source\Repos\Xbim.Documentation\Documentation\Help\Working\WebTOC.xml
    Last step completed in 00:00:48.0261
</buildStep>
<buildStep step="CopyStandardHelpContent">
Copying standard help content...
C:\Program Files (x86)\EWSoftware\Sandcastle Help File Builder\PresentationStyles\VS2013\icons\AlertCaution.png -&gt; C:\Users\Steve\Source\Repos\Xbim.Documentation\Documentation\Help\Working\Output\Website\icons\AlertCaution.png
C:\Program Files (x86)\EWSoftware\Sandcastle Help File Builder\PresentationStyles\VS2013\icons\AlertNote.png -&gt; C:\Users\Steve\Source\Repos\Xbim.Documentation\Documentation\Help\Working\Output\Website\icons\AlertNote.png
C:\Program Files (x86)\EWSoftware\Sandcastle Help File Builder\PresentationStyles\VS2013\icons\AlertSecurity.png -&gt; C:\Users\Steve\Source\Repos\Xbim.Documentation\Documentation\Help\Working\Output\Website\icons\AlertSecurity.png
C:\Program Files (x86)\EWSoftware\Sandcastle Help File Builder\PresentationStyles\VS2013\icons\CFW.gif -&gt; C:\Users\Steve\Source\Repos\Xbim.Documentation\Documentation\Help\Working\Output\Website\icons\CFW.gif
C:\Program Files (x86)\EWSoftware\Sandcastle Help File Builder\PresentationStyles\VS2013\icons\CodeExample.png -&gt; C:\Users\Steve\Source\Repos\Xbim.Documentation\Documentation\Help\Working\Output\Website\icons\CodeExample.png
C:\Program Files (x86)\EWSoftware\Sandcastle Help File Builder\PresentationStyles\VS2013\icons\favicon.ico -&gt; C:\Users\Steve\Source\Repos\Xbim.Documentation\Documentation\Help\Working\Output\Website\icons\favicon.ico
C:\Program Files (x86)\EWSoftware\Sandcastle Help File Builder\PresentationStyles\VS2013\icons\privclass.gif -&gt; C:\Users\Steve\Source\Repos\Xbim.Documentation\Documentation\Help\Working\Output\Website\icons\privclass.gif
C:\Program Files (x86)\EWSoftware\Sandcastle Help File Builder\PresentationStyles\VS2013\icons\privdelegate.gif -&gt; C:\Users\Steve\Source\Repos\Xbim.Documentation\Documentation\Help\Working\Output\Website\icons\privdelegate.gif
C:\Program Files (x86)\EWSoftware\Sandcastle Help File Builder\PresentationStyles\VS2013\icons\privenumeration.gif -&gt; C:\Users\Steve\Source\Repos\Xbim.Documentation\Documentation\Help\Working\Output\Website\icons\privenumeration.gif
C:\Program Files (x86)\EWSoftware\Sandcastle Help File Builder\PresentationStyles\VS2013\icons\privevent.gif -&gt; C:\Users\Steve\Source\Repos\Xbim.Documentation\Documentation\Help\Working\Output\Website\icons\privevent.gif
C:\Program Files (x86)\EWSoftware\Sandcastle Help File Builder\PresentationStyles\VS2013\icons\privextension.gif -&gt; C:\Users\Steve\Source\Repos\Xbim.Documentation\Documentation\Help\Working\Output\Website\icons\privextension.gif
C:\Program Files (x86)\EWSoftware\Sandcastle Help File Builder\PresentationStyles\VS2013\icons\privfield.gif -&gt; C:\Users\Steve\Source\Repos\Xbim.Documentation\Documentation\Help\Working\Output\Website\icons\privfield.gif
C:\Program Files (x86)\EWSoftware\Sandcastle Help File Builder\PresentationStyles\VS2013\icons\privinterface.gif -&gt; C:\Users\Steve\Source\Repos\Xbim.Documentation\Documentation\Help\Working\Output\Website\icons\privinterface.gif
C:\Program Files (x86)\EWSoftware\Sandcastle Help File Builder\PresentationStyles\VS2013\icons\privmethod.gif -&gt; C:\Users\Steve\Source\Repos\Xbim.Documentation\Documentation\Help\Working\Output\Website\icons\privmethod.gif
C:\Program Files (x86)\EWSoftware\Sandcastle Help File Builder\PresentationStyles\VS2013\icons\privproperty.gif -&gt; C:\Users\Steve\Source\Repos\Xbim.Documentation\Documentation\Help\Working\Output\Website\icons\privproperty.gif
C:\Program Files (x86)\EWSoftware\Sandcastle Help File Builder\PresentationStyles\VS2013\icons\privstructure.gif -&gt; C:\Users\Steve\Source\Repos\Xbim.Documentation\Documentation\Help\Working\Output\Website\icons\privstructure.gif
C:\Program Files (x86)\EWSoftware\Sandcastle Help File Builder\PresentationStyles\VS2013\icons\protclass.gif -&gt; C:\Users\Steve\Source\Repos\Xbim.Documentation\Documentation\Help\Working\Output\Website\icons\protclass.gif
C:\Program Files (x86)\EWSoftware\Sandcastle Help File Builder\PresentationStyles\VS2013\icons\protdelegate.gif -&gt; C:\Users\Steve\Source\Repos\Xbim.Documentation\Documentation\Help\Working\Output\Website\icons\protdelegate.gif
C:\Program Files (x86)\EWSoftware\Sandcastle Help File Builder\PresentationStyles\VS2013\icons\protenumeration.gif -&gt; C:\Users\Steve\Source\Repos\Xbim.Documentation\Documentation\Help\Working\Output\Website\icons\protenumeration.gif
C:\Program Files (x86)\EWSoftware\Sandcastle Help File Builder\PresentationStyles\VS2013\icons\protevent.gif -&gt; C:\Users\Steve\Source\Repos\Xbim.Documentation\Documentation\Help\Working\Output\Website\icons\protevent.gif
C:\Program Files (x86)\EWSoftware\Sandcastle Help File Builder\PresentationStyles\VS2013\icons\protextension.gif -&gt; C:\Users\Steve\Source\Repos\Xbim.Documentation\Documentation\Help\Working\Output\Website\icons\protextension.gif
C:\Program Files (x86)\EWSoftware\Sandcastle Help File Builder\PresentationStyles\VS2013\icons\protfield.gif -&gt; C:\Users\Steve\Source\Repos\Xbim.Documentation\Documentation\Help\Working\Output\Website\icons\protfield.gif
C:\Program Files (x86)\EWSoftware\Sandcastle Help File Builder\PresentationStyles\VS2013\icons\protinterface.gif -&gt; C:\Users\Steve\Source\Repos\Xbim.Documentation\Documentation\Help\Working\Output\Website\icons\protinterface.gif
C:\Program Files (x86)\EWSoftware\Sandcastle Help File Builder\PresentationStyles\VS2013\icons\protmethod.gif -&gt; C:\Users\Steve\Source\Repos\Xbim.Documentation\Documentation\Help\Working\Output\Website\icons\protmethod.gif
C:\Program Files (x86)\EWSoftware\Sandcastle Help File Builder\PresentationStyles\VS2013\icons\protoperator.gif -&gt; C:\Users\Steve\Source\Repos\Xbim.Documentation\Documentation\Help\Working\Output\Website\icons\protoperator.gif
C:\Program Files (x86)\EWSoftware\Sandcastle Help File Builder\PresentationStyles\VS2013\icons\protproperty.gif -&gt; C:\Users\Steve\Source\Repos\Xbim.Documentation\Documentation\Help\Working\Output\Website\icons\protproperty.gif
C:\Program Files (x86)\EWSoftware\Sandcastle Help File Builder\PresentationStyles\VS2013\icons\protstructure.gif -&gt; C:\Users\Steve\Source\Repos\Xbim.Documentation\Documentation\Help\Working\Output\Website\icons\protstructure.gif
C:\Program Files (x86)\EWSoftware\Sandcastle Help File Builder\PresentationStyles\VS2013\icons\pubclass.gif -&gt; C:\Users\Steve\Source\Repos\Xbim.Documentation\Documentation\Help\Working\Output\Website\icons\pubclass.gif
C:\Program Files (x86)\EWSoftware\Sandcastle Help File Builder\PresentationStyles\VS2013\icons\pubdelegate.gif -&gt; C:\Users\Steve\Source\Repos\Xbim.Documentation\Documentation\Help\Working\Output\Website\icons\pubdelegate.gif
C:\Program Files (x86)\EWSoftware\Sandcastle Help File Builder\PresentationStyles\VS2013\icons\pubenumeration.gif -&gt; C:\Users\Steve\Source\Repos\Xbim.Documentation\Documentation\Help\Working\Output\Website\icons\pubenumeration.gif
C:\Program Files (x86)\EWSoftware\Sandcastle Help File Builder\PresentationStyles\VS2013\icons\pubevent.gif -&gt; C:\Users\Steve\Source\Repos\Xbim.Documentation\Documentation\Help\Working\Output\Website\icons\pubevent.gif
C:\Program Files (x86)\EWSoftware\Sandcastle Help File Builder\PresentationStyles\VS2013\icons\pubextension.gif -&gt; C:\Users\Steve\Source\Repos\Xbim.Documentation\Documentation\Help\Working\Output\Website\icons\pubextension.gif
C:\Program Files (x86)\EWSoftware\Sandcastle Help File Builder\PresentationStyles\VS2013\icons\pubfield.gif -&gt; C:\Users\Steve\Source\Repos\Xbim.Documentation\Documentation\Help\Working\Output\Website\icons\pubfield.gif
C:\Program Files (x86)\EWSoftware\Sandcastle Help File Builder\PresentationStyles\VS2013\icons\pubinterface.gif -&gt; C:\Users\Steve\Source\Repos\Xbim.Documentation\Documentation\Help\Working\Output\Website\icons\pubinterface.gif
C:\Program Files (x86)\EWSoftware\Sandcastle Help File Builder\PresentationStyles\VS2013\icons\pubmethod.gif -&gt; C:\Users\Steve\Source\Repos\Xbim.Documentation\Documentation\Help\Working\Output\Website\icons\pubmethod.gif
C:\Program Files (x86)\EWSoftware\Sandcastle Help File Builder\PresentationStyles\VS2013\icons\puboperator.gif -&gt; C:\Users\Steve\Source\Repos\Xbim.Documentation\Documentation\Help\Working\Output\Website\icons\puboperator.gif
C:\Program Files (x86)\EWSoftware\Sandcastle Help File Builder\PresentationStyles\VS2013\icons\pubproperty.gif -&gt; C:\Users\Steve\Source\Repos\Xbim.Documentation\Documentation\Help\Working\Output\Website\icons\pubproperty.gif
C:\Program Files (x86)\EWSoftware\Sandcastle Help File Builder\PresentationStyles\VS2013\icons\pubstructure.gif -&gt; C:\Users\Steve\Source\Repos\Xbim.Documentation\Documentation\Help\Working\Output\Website\icons\pubstructure.gif
C:\Program Files (x86)\EWSoftware\Sandcastle Help File Builder\PresentationStyles\VS2013\icons\SectionCollapsed.png -&gt; C:\Users\Steve\Source\Repos\Xbim.Documentation\Documentation\Help\Working\Output\Website\icons\SectionCollapsed.png
C:\Program Files (x86)\EWSoftware\Sandcastle Help File Builder\PresentationStyles\VS2013\icons\SectionExpanded.png -&gt; C:\Users\Steve\Source\Repos\Xbim.Documentation\Documentation\Help\Working\Output\Website\icons\SectionExpanded.png
C:\Program Files (x86)\EWSoftware\Sandcastle Help File Builder\PresentationStyles\VS2013\icons\slMobile.gif -&gt; C:\Users\Steve\Source\Repos\Xbim.Documentation\Documentation\Help\Working\Output\Website\icons\slMobile.gif
C:\Program Files (x86)\EWSoftware\Sandcastle Help File Builder\PresentationStyles\VS2013\icons\static.gif -&gt; C:\Users\Steve\Source\Repos\Xbim.Documentation\Documentation\Help\Working\Output\Website\icons\static.gif
C:\Program Files (x86)\EWSoftware\Sandcastle Help File Builder\PresentationStyles\VS2013\icons\xna.gif -&gt; C:\Users\Steve\Source\Repos\Xbim.Documentation\Documentation\Help\Working\Output\Website\icons\xna.gif
C:\Program Files (x86)\EWSoftware\Sandcastle Help File Builder\PresentationStyles\VS2013\scripts\branding.js -&gt; C:\Users\Steve\Source\Repos\Xbim.Documentation\Documentation\Help\Working\Output\Website\scripts\branding.js
C:\Program Files (x86)\EWSoftware\Sandcastle Help File Builder\PresentationStyles\VS2013\styles\branding-cs-CZ.css -&gt; C:\Users\Steve\Source\Repos\Xbim.Documentation\Documentation\Help\Working\Output\Website\styles\branding-cs-CZ.css
C:\Program Files (x86)\EWSoftware\Sandcastle Help File Builder\PresentationStyles\VS2013\styles\branding-de-DE.css -&gt; C:\Users\Steve\Source\Repos\Xbim.Documentation\Documentation\Help\Working\Output\Website\styles\branding-de-DE.css
C:\Program Files (x86)\EWSoftware\Sandcastle Help File Builder\PresentationStyles\VS2013\styles\branding-en-US.css -&gt; C:\Users\Steve\Source\Repos\Xbim.Documentation\Documentation\Help\Working\Output\Website\styles\branding-en-US.css
C:\Program Files (x86)\EWSoftware\Sandcastle Help File Builder\PresentationStyles\VS2013\styles\branding-es-ES.css -&gt; C:\Users\Steve\Source\Repos\Xbim.Documentation\Documentation\Help\Working\Output\Website\styles\branding-es-ES.css
C:\Program Files (x86)\EWSoftware\Sandcastle Help File Builder\PresentationStyles\VS2013\styles\branding-fr-FR.css -&gt; C:\Users\Steve\Source\Repos\Xbim.Documentation\Documentation\Help\Working\Output\Website\styles\branding-fr-FR.css
C:\Program Files (x86)\EWSoftware\Sandcastle Help File Builder\PresentationStyles\VS2013\styles\branding-Help1.css -&gt; C:\Users\Steve\Source\Repos\Xbim.Documentation\Documentation\Help\Working\Output\Website\styles\branding-Help1.css
C:\Program Files (x86)\EWSoftware\Sandcastle Help File Builder\PresentationStyles\VS2013\styles\branding-Help2.css -&gt; C:\Users\Steve\Source\Repos\Xbim.Documentation\Documentation\Help\Working\Output\Website\styles\branding-Help2.css
C:\Program Files (x86)\EWSoftware\Sandcastle Help File Builder\PresentationStyles\VS2013\styles\branding-HelpViewer.css -&gt; C:\Users\Steve\Source\Repos\Xbim.Documentation\Documentation\Help\Working\Output\Website\styles\branding-HelpViewer.css
C:\Program Files (x86)\EWSoftware\Sandcastle Help File Builder\PresentationStyles\VS2013\styles\branding-it-IT.css -&gt; C:\Users\Steve\Source\Repos\Xbim.Documentation\Documentation\Help\Working\Output\Website\styles\branding-it-IT.css
C:\Program Files (x86)\EWSoftware\Sandcastle Help File Builder\PresentationStyles\VS2013\styles\branding-ja-JP.css -&gt; C:\Users\Steve\Source\Repos\Xbim.Documentation\Documentation\Help\Working\Output\Website\styles\branding-ja-JP.css
C:\Program Files (x86)\EWSoftware\Sandcastle Help File Builder\PresentationStyles\VS2013\styles\branding-ko-KR.css -&gt; C:\Users\Steve\Source\Repos\Xbim.Documentation\Documentation\Help\Working\Output\Website\styles\branding-ko-KR.css
C:\Program Files (x86)\EWSoftware\Sandcastle Help File Builder\PresentationStyles\VS2013\styles\branding-pl-PL.css -&gt; C:\Users\Steve\Source\Repos\Xbim.Documentation\Documentation\Help\Working\Output\Website\styles\branding-pl-PL.css
C:\Program Files (x86)\EWSoftware\Sandcastle Help File Builder\PresentationStyles\VS2013\styles\branding-pt-BR.css -&gt; C:\Users\Steve\Source\Repos\Xbim.Documentation\Documentation\Help\Working\Output\Website\styles\branding-pt-BR.css
C:\Program Files (x86)\EWSoftware\Sandcastle Help File Builder\PresentationStyles\VS2013\styles\branding-ru-RU.css -&gt; C:\Users\Steve\Source\Repos\Xbim.Documentation\Documentation\Help\Working\Output\Website\styles\branding-ru-RU.css
C:\Program Files (x86)\EWSoftware\Sandcastle Help File Builder\PresentationStyles\VS2013\styles\branding-tr-TR.css -&gt; C:\Users\Steve\Source\Repos\Xbim.Documentation\Documentation\Help\Working\Output\Website\styles\branding-tr-TR.css
C:\Program Files (x86)\EWSoftware\Sandcastle Help File Builder\PresentationStyles\VS2013\styles\branding-Website.css -&gt; C:\Users\Steve\Source\Repos\Xbim.Documentation\Documentation\Help\Working\Output\Website\styles\branding-Website.css
C:\Program Files (x86)\EWSoftware\Sandcastle Help File Builder\PresentationStyles\VS2013\styles\branding-zh-CN.css -&gt; C:\Users\Steve\Source\Repos\Xbim.Documentation\Documentation\Help\Working\Output\Website\styles\branding-zh-CN.css
C:\Program Files (x86)\EWSoftware\Sandcastle Help File Builder\PresentationStyles\VS2013\styles\branding-zh-TW.css -&gt; C:\Users\Steve\Source\Repos\Xbim.Documentation\Documentation\Help\Working\Output\Website\styles\branding-zh-TW.css
C:\Program Files (x86)\EWSoftware\Sandcastle Help File Builder\PresentationStyles\VS2013\styles\branding.css -&gt; C:\Users\Steve\Source\Repos\Xbim.Documentation\Documentation\Help\Working\Output\Website\styles\branding.css
C:\Program Files (x86)\EWSoftware\Sandcastle Help File Builder\PresentationStyles\VS2013\Web\index.html -&gt; C:\Users\Steve\Source\Repos\Xbim.Documentation\Documentation\Help\Working\Output\Website\index.html
C:\Program Files (x86)\EWSoftware\Sandcastle Help File Builder\PresentationStyles\VS2013\Web\search.html -&gt; C:\Users\Steve\Source\Repos\Xbim.Documentation\Documentation\Help\Working\Output\Website\search.html
C:\Program Files (x86)\EWSoftware\Sandcastle Help File Builder\PresentationStyles\VS2013\Web\SearchHelp.aspx -&gt; C:\Users\Steve\Source\Repos\Xbim.Documentation\Documentation\Help\Working\Output\Website\SearchHelp.aspx
C:\Program Files (x86)\EWSoftware\Sandcastle Help File Builder\PresentationStyles\VS2013\Web\SearchHelp.inc.php -&gt; C:\Users\Steve\Source\Repos\Xbim.Documentation\Documentation\Help\Working\Output\Website\SearchHelp.inc.php
C:\Program Files (x86)\EWSoftware\Sandcastle Help File Builder\PresentationStyles\VS2013\Web\SearchHelp.php -&gt; C:\Users\Steve\Source\Repos\Xbim.Documentation\Documentation\Help\Working\Output\Website\SearchHelp.php
C:\Program Files (x86)\EWSoftware\Sandcastle Help File Builder\PresentationStyles\VS2013\Web\Web.Config -&gt; C:\Users\Steve\Source\Repos\Xbim.Documentation\Documentation\Help\Working\Output\Website\Web.Config
C:\Program Files (x86)\EWSoftware\Sandcastle Help File Builder\PresentationStyles\VS2013\Web\icons\Search.png -&gt; C:\Users\Steve\Source\Repos\Xbim.Documentation\Documentation\Help\Working\Output\Website\icons\Search.png
C:\Program Files (x86)\EWSoftware\Sandcastle Help File Builder\PresentationStyles\VS2013\Web\icons\TocClose.gif -&gt; C:\Users\Steve\Source\Repos\Xbim.Documentation\Documentation\Help\Working\Output\Website\icons\TocClose.gif
C:\Program Files (x86)\EWSoftware\Sandcastle Help File Builder\PresentationStyles\VS2013\Web\icons\TocCollapsed.gif -&gt; C:\Users\Steve\Source\Repos\Xbim.Documentation\Documentation\Help\Working\Output\Website\icons\TocCollapsed.gif
C:\Program Files (x86)\EWSoftware\Sandcastle Help File Builder\PresentationStyles\VS2013\Web\icons\TocExpanded.gif -&gt; C:\Users\Steve\Source\Repos\Xbim.Documentation\Documentation\Help\Working\Output\Website\icons\TocExpanded.gif
C:\Program Files (x86)\EWSoftware\Sandcastle Help File Builder\PresentationStyles\VS2013\Web\icons\TocOpen.gif -&gt; C:\Users\Steve\Source\Repos\Xbim.Documentation\Documentation\Help\Working\Output\Website\icons\TocOpen.gif
C:\Program Files (x86)\EWSoftware\Sandcastle Help File Builder\PresentationStyles\VS2013\Web\scripts\branding-Website.js -&gt; C:\Users\Steve\Source\Repos\Xbim.Documentation\Documentation\Help\Working\Output\Website\scripts\branding-Website.js
C:\Program Files (x86)\EWSoftware\Sandcastle Help File Builder\PresentationStyles\VS2013\Web\scripts\jquery-1.11.0.min.js -&gt; C:\Users\Steve\Source\Repos\Xbim.Documentation\Documentation\Help\Working\Output\Website\scripts\jquery-1.11.0.min.js
    Last step completed in 00:00:01.1100
</buildStep>
<buildStep step="GenerateHelpFormatTableOfContents">
Generating website table of contents file...
    Last step completed in 00:00:00.0000
</buildStep>
<buildStep step="GenerateFullTextIndex">
Generating full-text index for the website...

<plugIn name="Lightweight Website Style" behavior="After" priority="1000">
Adding lightweight search and TOC elements to each topic...
</plugIn>    Last step completed in 00:03:16.1154
</buildStep>
<buildStep step="CopyingWebsiteFiles">
Copying website files to output folder...

Copied 100 files
Copied 200 files
Copied 300 files
Copied 400 files
Copied 500 files
Copied 600 files
Copied 700 files
Copied 800 files
Copied 900 files
Copied 1000 files
Copied 1100 files
Copied 1200 files
Copied 1300 files
Copied 1400 files
Copied 1500 files
Copied 1600 files
Copied 1700 files
Copied 1800 files
Copied 1900 files
Copied 2000 files
Copied 2100 files
Copied 2200 files
Copied 2300 files
Copied 2400 files
Copied 2500 files
Copied 2600 files
Copied 2700 files
Copied 2800 files
Copied 2900 files
Copied 3000 files
Copied 3100 files
Copied 3200 files
Copied 3300 files
Copied 3400 files
Copied 3500 files
Copied 3600 files
Copied 3700 files
Copied 3800 files
Copied 3900 files
Copied 4000 files
Copied 4100 files
Copied 4200 files
Copied 4300 files
Copied 4400 files
Copied 4500 files
Copied 4600 files
Copied 4700 files
Copied 4800 files
Copied 4900 files
Copied 5000 files
Copied 5100 files
Copied 5200 files
Copied 5300 files
Copied 5400 files
Copied 5500 files
Copied 5600 files
Copied 5700 files
Copied 5800 files
Copied 5900 files
Copied 6000 files
Copied 6100 files
Copied 6200 files
Copied 6300 files
Copied 6400 files
Copied 6500 files
Copied 6600 files
Copied 6700 files
Copied 6800 files
Copied 6900 files
Copied 7000 files
Copied 7100 files
Copied 7200 files
Copied 7300 files
Copied 7400 files
Copied 7500 files
Copied 7600 files
Copied 7700 files
Copied 7800 files
Copied 7900 files
Copied 8000 files
Copied 8100 files
Copied 8200 files
Copied 8300 files
Copied 8400 files
Copied 8500 files
Copied 8600 files
Copied 8700 files
Copied 8800 files
Copied 8900 files
Copied 9000 files
Copied 9100 files
Copied 9200 files
Copied 9300 files
Copied 9400 files
Copied 9500 files
Copied 9600 files
Copied 9700 files
Copied 9800 files
Copied 9900 files
Copied 10000 files
Copied 10100 files
Copied 10200 files
Copied 10300 files
Copied 10400 files
Copied 10500 files
Copied 10600 files
Copied 10700 files
Copied 10800 files
Copied 10900 files
Copied 11000 files
Copied 11100 files
Copied 11200 files
Copied 11300 files
Copied 11400 files
Copied 11500 files
Copied 11600 files
Copied 11700 files
Copied 11800 files
Copied 11900 files
Copied 12000 files
Copied 12100 files
Copied 12200 files
Copied 12300 files
Copied 12400 files
Copied 12500 files
Copied 12600 files
Copied 12700 files
Copied 12800 files
Copied 12900 files
Copied 13000 files
Copied 13100 files
Copied 13200 files
Copied 13300 files
Copied 13400 files
Copied 13500 files
Copied 13600 files
Copied 13700 files
Copied 13800 files
Copied 13900 files
Copied 14000 files
Copied 14100 files
Copied 14200 files
Copied 14300 files
Copied 14400 files
Copied 14500 files
Copied 14600 files
Copied 14700 files
Copied 14800 files
Copied 14900 files
Copied 15000 files
Copied 15100 files
Copied 15200 files
Copied 15300 files
Copied 15400 files
Copied 15500 files
Copied 15600 files
Copied 15700 files
Copied 15800 files
Copied 15863 files for the website content
    Last step completed in 00:00:28.2402
</buildStep>
<buildStep step="CleanIntermediates">
Removing intermediate files...
    Last step completed in 00:00:15.6521
</buildStep>
<buildStep step="Completed">

Build completed successfully at 20/01/2015 09:51:19.  Total time: 00:08:56.7441

</buildStep>
</shfbBuild>
